<?xml version="1.0" encoding="UTF-8"?>
<testsuite name="com.example.movies.MovieServiceTest" tests="1" skipped="0" failures="0" errors="0" timestamp="2022-01-10T01:28:00" hostname="nj-dev-m-21298" time="0.109">
  <properties/>
  <testcase name="findMovieWithDuration()" classname="com.example.movies.MovieServiceTest" time="0.109"/>
  <system-out><![CDATA[20:27:58.747 [Test worker] DEBUG org.springframework.test.context.BootstrapUtils - Instantiating CacheAwareContextLoaderDelegate from class [org.springframework.test.context.cache.DefaultCacheAwareContextLoaderDelegate]
20:27:58.750 [Test worker] DEBUG org.springframework.test.context.BootstrapUtils - Instantiating BootstrapContext using constructor [public org.springframework.test.context.support.DefaultBootstrapContext(java.lang.Class,org.springframework.test.context.CacheAwareContextLoaderDelegate)]
20:27:58.763 [Test worker] DEBUG org.springframework.test.context.BootstrapUtils - Instantiating TestContextBootstrapper for test class [com.example.movies.MovieServiceTest] from class [org.springframework.boot.test.context.SpringBootTestContextBootstrapper]
20:27:58.768 [Test worker] INFO org.springframework.boot.test.context.SpringBootTestContextBootstrapper - Neither @ContextConfiguration nor @ContextHierarchy found for test class [com.example.movies.MovieServiceTest], using SpringBootContextLoader
20:27:58.770 [Test worker] DEBUG org.springframework.test.context.support.AbstractContextLoader - Did not detect default resource location for test class [com.example.movies.MovieServiceTest]: class path resource [com/example/movies/MovieServiceTest-context.xml] does not exist
20:27:58.770 [Test worker] DEBUG org.springframework.test.context.support.AbstractContextLoader - Did not detect default resource location for test class [com.example.movies.MovieServiceTest]: class path resource [com/example/movies/MovieServiceTestContext.groovy] does not exist
20:27:58.770 [Test worker] INFO org.springframework.test.context.support.AbstractContextLoader - Could not detect default resource locations for test class [com.example.movies.MovieServiceTest]: no resource found for suffixes {-context.xml, Context.groovy}.
20:27:58.770 [Test worker] INFO org.springframework.test.context.support.AnnotationConfigContextLoaderUtils - Could not detect default configuration classes for test class [com.example.movies.MovieServiceTest]: MovieServiceTest does not declare any static, non-private, non-final, nested classes annotated with @Configuration.
20:27:58.787 [Test worker] DEBUG org.springframework.test.context.support.ActiveProfilesUtils - Could not find an 'annotation declaring class' for annotation type [org.springframework.test.context.ActiveProfiles] and class [com.example.movies.MovieServiceTest]
20:27:58.817 [Test worker] DEBUG org.springframework.context.annotation.ClassPathScanningCandidateComponentProvider - Identified candidate component class: file [/Users/jrosen/Desktop/demo/build/classes/java/main/com/example/movies/MoviesApplication.class]
20:27:58.822 [Test worker] INFO org.springframework.boot.test.context.SpringBootTestContextBootstrapper - Found @SpringBootConfiguration com.example.movies.MoviesApplication for test class com.example.movies.MovieServiceTest
20:27:58.855 [Test worker] DEBUG org.springframework.boot.test.context.SpringBootTestContextBootstrapper - @TestExecutionListeners is not present for class [com.example.movies.MovieServiceTest]: using defaults.
20:27:58.855 [Test worker] INFO org.springframework.boot.test.context.SpringBootTestContextBootstrapper - Loaded default TestExecutionListener class names from location [META-INF/spring.factories]: [org.springframework.boot.test.autoconfigure.restdocs.RestDocsTestExecutionListener, org.springframework.boot.test.autoconfigure.web.client.MockRestServiceServerResetTestExecutionListener, org.springframework.boot.test.autoconfigure.web.servlet.MockMvcPrintOnlyOnFailureTestExecutionListener, org.springframework.boot.test.autoconfigure.web.servlet.WebDriverTestExecutionListener, org.springframework.boot.test.autoconfigure.webservices.client.MockWebServiceServerTestExecutionListener, org.springframework.boot.test.mock.mockito.MockitoTestExecutionListener, org.springframework.boot.test.mock.mockito.ResetMocksTestExecutionListener, org.springframework.test.context.web.ServletTestExecutionListener, org.springframework.test.context.support.DirtiesContextBeforeModesTestExecutionListener, org.springframework.test.context.event.ApplicationEventsTestExecutionListener, org.springframework.test.context.support.DependencyInjectionTestExecutionListener, org.springframework.test.context.support.DirtiesContextTestExecutionListener, org.springframework.test.context.transaction.TransactionalTestExecutionListener, org.springframework.test.context.jdbc.SqlScriptsTestExecutionListener, org.springframework.test.context.event.EventPublishingTestExecutionListener]
20:27:58.864 [Test worker] INFO org.springframework.boot.test.context.SpringBootTestContextBootstrapper - Using TestExecutionListeners: [org.springframework.test.context.web.ServletTestExecutionListener@64df9a61, org.springframework.test.context.support.DirtiesContextBeforeModesTestExecutionListener@77602954, org.springframework.test.context.event.ApplicationEventsTestExecutionListener@e260766, org.springframework.boot.test.mock.mockito.MockitoTestExecutionListener@2c3dec30, org.springframework.boot.test.autoconfigure.SpringBootDependencyInjectionTestExecutionListener@34a97744, org.springframework.test.context.support.DirtiesContextTestExecutionListener@4275c20c, org.springframework.test.context.transaction.TransactionalTestExecutionListener@7c56e013, org.springframework.test.context.jdbc.SqlScriptsTestExecutionListener@3fc9dfc5, org.springframework.test.context.event.EventPublishingTestExecutionListener@40258c2f, org.springframework.boot.test.autoconfigure.restdocs.RestDocsTestExecutionListener@2cac4385, org.springframework.boot.test.autoconfigure.web.client.MockRestServiceServerResetTestExecutionListener@6731787b, org.springframework.boot.test.autoconfigure.web.servlet.MockMvcPrintOnlyOnFailureTestExecutionListener@16f7b4af, org.springframework.boot.test.autoconfigure.web.servlet.WebDriverTestExecutionListener@7adf16aa, org.springframework.boot.test.autoconfigure.webservices.client.MockWebServiceServerTestExecutionListener@34a1d21f, org.springframework.boot.test.mock.mockito.ResetMocksTestExecutionListener@58bf8650]
20:27:58.865 [Test worker] DEBUG org.springframework.test.context.support.AbstractDirtiesContextTestExecutionListener - Before test class: context [DefaultTestContext@1ce61929 testClass = MovieServiceTest, testInstance = [null], testMethod = [null], testException = [null], mergedContextConfiguration = [WebMergedContextConfiguration@346939bf testClass = MovieServiceTest, locations = '{}', classes = '{class com.example.movies.MoviesApplication}', contextInitializerClasses = '[]', activeProfiles = '{}', propertySourceLocations = '{}', propertySourceProperties = '{org.springframework.boot.test.context.SpringBootTestContextBootstrapper=true}', contextCustomizers = set[org.springframework.boot.test.autoconfigure.actuate.metrics.MetricsExportContextCustomizerFactory$DisableMetricExportContextCustomizer@60129b9a, org.springframework.boot.test.autoconfigure.properties.PropertyMappingContextCustomizer@0, org.springframework.boot.test.autoconfigure.web.servlet.WebDriverContextCustomizerFactory$Customizer@512baff6, org.springframework.boot.test.context.filter.ExcludeFilterContextCustomizer@10a9d961, org.springframework.boot.test.json.DuplicateJsonObjectContextCustomizerFactory$DuplicateJsonObjectContextCustomizer@5ddf0d24, org.springframework.boot.test.mock.mockito.MockitoContextCustomizer@0, org.springframework.boot.test.web.client.TestRestTemplateContextCustomizer@38089a5a, org.springframework.boot.test.context.SpringBootTestArgs@1, org.springframework.boot.test.context.SpringBootTestWebEnvironment@2e377400], resourceBasePath = 'src/main/webapp', contextLoader = 'org.springframework.boot.test.context.SpringBootContextLoader', parent = [null]], attributes = map['org.springframework.test.context.web.ServletTestExecutionListener.activateListener' -> true]], class annotated with @DirtiesContext [false] with mode [null].
20:27:58.882 [Test worker] DEBUG org.springframework.core.env.PropertySourcesPropertyResolver - Found key 'spring.profiles.active' in PropertySource 'systemProperties' with value of type String
20:27:58.882 [Test worker] DEBUG org.springframework.core.env.StandardEnvironment - Activating profiles [test]
20:27:58.882 [Test worker] DEBUG org.springframework.boot.ApplicationServletEnvironment - Activating profiles [test]
20:27:58.882 [Test worker] DEBUG org.springframework.test.context.support.TestPropertySourceUtils - Adding inlined properties to environment: {spring.jmx.enabled=false, org.springframework.boot.test.context.SpringBootTestContextBootstrapper=true}

  .   ____          _            __ _ _
 /\\ / ___'_ __ _ _(_)_ __  __ _ \ \ \ \
( ( )\___ | '_ | '_| | '_ \/ _` | \ \ \ \
 \\/  ___)| |_)| | | | | || (_| |  ) ) ) )
  '  |____| .__|_| |_|_| |_\__, | / / / /
 =========|_|==============|___/=/_/_/_/
 :: Spring Boot ::                (v2.6.2)

2022-01-09 20:27:59.001  INFO 22547 --- [    Test worker] com.example.movies.MovieServiceTest      : Starting MovieServiceTest using Java 17.0.1 on nj-dev-m-21298 with PID 22547 (started by jrosen in /Users/jrosen/Desktop/demo)
2022-01-09 20:27:59.002  INFO 22547 --- [    Test worker] com.example.movies.MovieServiceTest      : The following profiles are active: test
2022-01-09 20:27:59.234  INFO 22547 --- [    Test worker] .s.d.r.c.RepositoryConfigurationDelegate : Bootstrapping Spring Data JPA repositories in DEFAULT mode.
2022-01-09 20:27:59.253  INFO 22547 --- [    Test worker] .s.d.r.c.RepositoryConfigurationDelegate : Finished Spring Data repository scanning in 16 ms. Found 1 JPA repository interfaces.
2022-01-09 20:27:59.471  INFO 22547 --- [    Test worker] com.zaxxer.hikari.HikariDataSource       : HikariPool-1 - Starting...
2022-01-09 20:27:59.545  INFO 22547 --- [    Test worker] com.zaxxer.hikari.HikariDataSource       : HikariPool-1 - Start completed.
2022-01-09 20:27:59.578  INFO 22547 --- [    Test worker] o.hibernate.jpa.internal.util.LogHelper  : HHH000204: Processing PersistenceUnitInfo [name: default]
2022-01-09 20:27:59.603  INFO 22547 --- [    Test worker] org.hibernate.Version                    : HHH000412: Hibernate ORM core version 5.6.3.Final
2022-01-09 20:27:59.674  INFO 22547 --- [    Test worker] o.hibernate.annotations.common.Version   : HCANN000001: Hibernate Commons Annotations {5.1.2.Final}
2022-01-09 20:27:59.727  INFO 22547 --- [    Test worker] org.hibernate.dialect.Dialect            : HHH000400: Using dialect: org.hibernate.dialect.H2Dialect
2022-01-09 20:27:59.949  INFO 22547 --- [    Test worker] o.h.e.t.j.p.i.JtaPlatformInitiator       : HHH000490: Using JtaPlatform implementation: [org.hibernate.engine.transaction.jta.platform.internal.NoJtaPlatform]
2022-01-09 20:27:59.952  INFO 22547 --- [    Test worker] j.LocalContainerEntityManagerFactoryBean : Initialized JPA EntityManagerFactory for persistence unit 'default'
2022-01-09 20:28:00.253  WARN 22547 --- [    Test worker] JpaBaseConfiguration$JpaWebConfiguration : spring.jpa.open-in-view is enabled by default. Therefore, database queries may be performed during view rendering. Explicitly configure spring.jpa.open-in-view to disable this warning
2022-01-09 20:28:00.473  INFO 22547 --- [    Test worker] com.example.movies.MovieServiceTest      : Started MovieServiceTest in 1.589 seconds (JVM running for 2.045)
[[4] Test for Duration (499 mins)]
]]></system-out>
  <system-err><![CDATA[]]></system-err>
</testsuite>
